[2025-02-26T17:36:32.722+0000] {taskinstance.py:1159} INFO - Dependencies all met for dep_context=non-requeueable deps ti=<TaskInstance: yfinance_ingestion_dag.fetch_data manual__2025-02-26T17:10:21.376375+00:00 [queued]>
[2025-02-26T17:36:32.737+0000] {taskinstance.py:1159} INFO - Dependencies all met for dep_context=requeueable deps ti=<TaskInstance: yfinance_ingestion_dag.fetch_data manual__2025-02-26T17:10:21.376375+00:00 [queued]>
[2025-02-26T17:36:32.737+0000] {taskinstance.py:1361} INFO - Starting attempt 2 of 2
[2025-02-26T17:36:32.759+0000] {taskinstance.py:1382} INFO - Executing <Task(PythonOperator): fetch_data> on 2025-02-26 17:10:21.376375+00:00
[2025-02-26T17:36:32.769+0000] {standard_task_runner.py:57} INFO - Started process 803 to run task
[2025-02-26T17:36:32.774+0000] {standard_task_runner.py:84} INFO - Running: ['***', 'tasks', 'run', 'yfinance_ingestion_dag', 'fetch_data', 'manual__2025-02-26T17:10:21.376375+00:00', '--job-id', '227', '--raw', '--subdir', 'DAGS_FOLDER/pipeline.py', '--cfg-path', '/tmp/tmplorq_z6a']
[2025-02-26T17:36:32.778+0000] {standard_task_runner.py:85} INFO - Job 227: Subtask fetch_data
[2025-02-26T17:36:32.864+0000] {task_command.py:415} INFO - Running <TaskInstance: yfinance_ingestion_dag.fetch_data manual__2025-02-26T17:10:21.376375+00:00 [running]> on host 677d7c975553
[2025-02-26T17:36:33.032+0000] {taskinstance.py:1660} INFO - Exporting env vars: AIRFLOW_CTX_DAG_OWNER='etudiant' AIRFLOW_CTX_DAG_ID='yfinance_ingestion_dag' AIRFLOW_CTX_TASK_ID='fetch_data' AIRFLOW_CTX_EXECUTION_DATE='2025-02-26T17:10:21.376375+00:00' AIRFLOW_CTX_TRY_NUMBER='2' AIRFLOW_CTX_DAG_RUN_ID='manual__2025-02-26T17:10:21.376375+00:00'
[2025-02-26T17:36:34.338+0000] {logging_mixin.py:151} INFO - [{"datetime": "2025-02-25 17:00:00+00:00", "open_price": 87341.5546875, "high_price": 87694.015625, "low_price": 86837.296875, "close_price": 87117.859375, "volume": 0, "coin": "BTC"}, {"datetime": "2025-02-25 18:00:00+00:00", "open_price": 87152.171875, "high_price": 87636.265625, "low_price": 86835.734375, "close_price": 86978.6875, "volume": 31965184, "coin": "BTC"}, {"datetime": "2025-02-25 19:00:00+00:00", "open_price": 86978.359375, "high_price": 87924.3828125, "low_price": 86448.5078125, "close_price": 87863.0859375, "volume": 1868382208, "coin": "BTC"}, {"datetime": "2025-02-25 20:00:00+00:00", "open_price": 87816.71875, "high_price": 88873.140625, "low_price": 87594.2734375, "close_price": 88076.6484375, "volume": 2607030272, "coin": "BTC"}, {"datetime": "2025-02-25 21:00:00+00:00", "open_price": 88187.0859375, "high_price": 88637.609375, "low_price": 87775.640625, "close_price": 88598.2109375, "volume": 0, "coin": "BTC"}]
[2025-02-26T17:36:34.359+0000] {xcom.py:661} ERROR - Object of type Timestamp is not JSON serializable. If you are using pickle instead of JSON for XCom, then you need to enable pickle support for XCom in your *** config or make sure to decorate your object with attr.
[2025-02-26T17:36:34.364+0000] {taskinstance.py:1943} ERROR - Task failed with exception
Traceback (most recent call last):
  File "/home/airflow/.local/lib/python3.8/site-packages/airflow/utils/json.py", line 91, in default
    return serialize(o)
  File "/home/airflow/.local/lib/python3.8/site-packages/airflow/serialization/serde.py", line 178, in serialize
    raise TypeError(f"cannot serialize object of type {cls}")
TypeError: cannot serialize object of type <class 'pandas._libs.tslibs.timestamps.Timestamp'>

During handling of the above exception, another exception occurred:

Traceback (most recent call last):
  File "/home/airflow/.local/lib/python3.8/site-packages/airflow/operators/python.py", line 192, in execute
    return_value = self.execute_callable()
  File "/home/airflow/.local/lib/python3.8/site-packages/airflow/operators/python.py", line 209, in execute_callable
    return self.python_callable(*self.op_args, **self.op_kwargs)
  File "/opt/airflow/dags/pipeline.py", line 72, in fetch_crypto_data
    context['ti'].xcom_push(key='raw_data', value=json_data)
  File "/home/airflow/.local/lib/python3.8/site-packages/airflow/utils/session.py", line 77, in wrapper
    return func(*args, session=session, **kwargs)
  File "/home/airflow/.local/lib/python3.8/site-packages/airflow/models/taskinstance.py", line 2485, in xcom_push
    XCom.set(
  File "/home/airflow/.local/lib/python3.8/site-packages/airflow/utils/session.py", line 74, in wrapper
    return func(*args, **kwargs)
  File "/home/airflow/.local/lib/python3.8/site-packages/airflow/models/xcom.py", line 244, in set
    value = cls.serialize_value(
  File "/home/airflow/.local/lib/python3.8/site-packages/airflow/models/xcom.py", line 659, in serialize_value
    return json.dumps(value, cls=XComEncoder).encode("UTF-8")
  File "/usr/local/lib/python3.8/json/__init__.py", line 234, in dumps
    return cls(
  File "/home/airflow/.local/lib/python3.8/site-packages/airflow/utils/json.py", line 104, in encode
    return super().encode(o)
  File "/usr/local/lib/python3.8/json/encoder.py", line 199, in encode
    chunks = self.iterencode(o, _one_shot=True)
  File "/usr/local/lib/python3.8/json/encoder.py", line 257, in iterencode
    return _iterencode(o, 0)
  File "/home/airflow/.local/lib/python3.8/site-packages/airflow/utils/json.py", line 93, in default
    return super().default(o)
  File "/usr/local/lib/python3.8/json/encoder.py", line 179, in default
    raise TypeError(f'Object of type {o.__class__.__name__} '
TypeError: Object of type Timestamp is not JSON serializable
[2025-02-26T17:36:34.400+0000] {taskinstance.py:1400} INFO - Marking task as FAILED. dag_id=yfinance_ingestion_dag, task_id=fetch_data, execution_date=20250226T171021, start_date=20250226T173632, end_date=20250226T173634
[2025-02-26T17:36:34.433+0000] {standard_task_runner.py:104} ERROR - Failed to execute job 227 for task fetch_data (Object of type Timestamp is not JSON serializable; 803)
[2025-02-26T17:36:34.490+0000] {local_task_job_runner.py:228} INFO - Task exited with return code 1
[2025-02-26T17:36:34.527+0000] {taskinstance.py:2784} INFO - 0 downstream tasks scheduled from follow-on schedule check
